<?xml version="1.0" encoding="UTF-8"?>
<testsuite xmlns:xsi="http://www.w3.org/2001/XMLSchema-instance" xsi:noNamespaceSchemaLocation="https://maven.apache.org/surefire/maven-surefire-plugin/xsd/surefire-test-report.xsd" version="3.0.2" name="pe.edu.vallegrande.workshop.WorkshopApplicationTests" time="5.273" tests="1" errors="0" skipped="0" failures="0">
  <properties>
[...]
</properties>
  <testcase name="contextLoads" classname="pe.edu.vallegrande.workshop.WorkshopApplicationTests" time="0.83">
    <system-out><![CDATA[20:22:37.022 [main] INFO org.springframework.test.context.support.AnnotationConfigContextLoaderUtils -- Could not detect default configuration classes for test class [pe.edu.vallegrande.workshop.WorkshopApplicationTests]: WorkshopApplicationTests does not declare any static, non-private, non-final, nested classes annotated with @Configuration.
20:22:37.207 [main] INFO org.springframework.boot.test.context.SpringBootTestContextBootstrapper -- Found @SpringBootConfiguration pe.edu.vallegrande.workshop.WorkshopApplication for test class pe.edu.vallegrande.workshop.WorkshopApplicationTests

  .   ____          _            __ _ _
 /\\ / ___'_ __ _ _(_)_ __  __ _ \ \ \ \
( ( )\___ | '_ | '_| | '_ \/ _` | \ \ \ \
 \\/  ___)| |_)| | | | | || (_| |  ) ) ) )
  '  |____| .__|_| |_|_| |_\__, | / / / /
 =========|_|==============|___/=/_/_/_/

 :: Spring Boot ::                (v3.4.4)

2025-05-29T20:22:38.010Z  INFO 64173 --- [           main] p.e.v.workshop.WorkshopApplicationTests  : Starting WorkshopApplicationTests using Java 17.0.9 with PID 64173 (started by gitpod in /workspace/Jenkis)
2025-05-29T20:22:38.012Z  INFO 64173 --- [           main] p.e.v.workshop.WorkshopApplicationTests  : No active profile set, falling back to 1 default profile: "default"
2025-05-29T20:22:38.845Z  INFO 64173 --- [           main] .s.d.r.c.RepositoryConfigurationDelegate : Bootstrapping Spring Data R2DBC repositories in DEFAULT mode.
2025-05-29T20:22:39.031Z  INFO 64173 --- [           main] .s.d.r.c.RepositoryConfigurationDelegate : Finished Spring Data repository scanning in 176 ms. Found 1 R2DBC repository interface.
2025-05-29T20:22:41.201Z  INFO 64173 --- [           main] p.e.v.workshop.WorkshopApplicationTests  : Started WorkshopApplicationTests in 3.745 seconds (process running for 5.461)
]]></system-out>
  </testcase>
</testsuite>